<?xml version="1.0" encoding="UTF-8"?>
<!-- Generated by org.testng.reporters.JUnitReportReporter -->
<testsuite hostname="DISYS-C1CFRT2" failures="0" tests="1" name="amazon.AddProduct" time="28.093" errors="0" timestamp="30 Apr 2021 20:13:42 GMT" skipped="0">
  <testcase classname="amazon.AddProduct" name="addProduct" time="28.093"/>
</testsuite> <!-- amazon.AddProduct -->
